{"total": {"lines":{"total":2687,"covered":1228,"skipped":0,"pct":45.7},"statements":{"total":2687,"covered":1228,"skipped":0,"pct":45.7},"functions":{"total":65,"covered":35,"skipped":0,"pct":53.84},"branches":{"total":185,"covered":151,"skipped":0,"pct":81.62},"branchesTrue":{"total":0,"covered":0,"skipped":0,"pct":100}}
,"/Users/sriluballa/Documents/REPOS/prod-owner-test/my-lms-app/babel.config.cjs": {"lines":{"total":3,"covered":0,"skipped":0,"pct":0},"functions":{"total":1,"covered":0,"skipped":0,"pct":0},"statements":{"total":3,"covered":0,"skipped":0,"pct":0},"branches":{"total":1,"covered":0,"skipped":0,"pct":0}}
,"/Users/sriluballa/Documents/REPOS/prod-owner-test/my-lms-app/eslint.config.js": {"lines":{"total":32,"covered":0,"skipped":0,"pct":0},"functions":{"total":1,"covered":0,"skipped":0,"pct":0},"statements":{"total":32,"covered":0,"skipped":0,"pct":0},"branches":{"total":1,"covered":0,"skipped":0,"pct":0}}
,"/Users/sriluballa/Documents/REPOS/prod-owner-test/my-lms-app/playwright.config.mjs": {"lines":{"total":11,"covered":0,"skipped":0,"pct":0},"functions":{"total":1,"covered":0,"skipped":0,"pct":0},"statements":{"total":11,"covered":0,"skipped":0,"pct":0},"branches":{"total":1,"covered":0,"skipped":0,"pct":0}}
,"/Users/sriluballa/Documents/REPOS/prod-owner-test/my-lms-app/dist/assets/browser-CaOPJRFa.js": {"lines":{"total":1,"covered":0,"skipped":0,"pct":0},"functions":{"total":1,"covered":0,"skipped":0,"pct":0},"statements":{"total":1,"covered":0,"skipped":0,"pct":0},"branches":{"total":1,"covered":0,"skipped":0,"pct":0}}
,"/Users/sriluballa/Documents/REPOS/prod-owner-test/my-lms-app/dist/assets/index-CzJEUPMk.js": {"lines":{"total":75,"covered":0,"skipped":0,"pct":0},"functions":{"total":1,"covered":0,"skipped":0,"pct":0},"statements":{"total":75,"covered":0,"skipped":0,"pct":0},"branches":{"total":1,"covered":0,"skipped":0,"pct":0}}
,"/Users/sriluballa/Documents/REPOS/prod-owner-test/my-lms-app/src/App.jsx": {"lines":{"total":27,"covered":0,"skipped":0,"pct":0},"functions":{"total":1,"covered":0,"skipped":0,"pct":0},"statements":{"total":27,"covered":0,"skipped":0,"pct":0},"branches":{"total":1,"covered":0,"skipped":0,"pct":0}}
,"/Users/sriluballa/Documents/REPOS/prod-owner-test/my-lms-app/src/main.jsx": {"lines":{"total":11,"covered":0,"skipped":0,"pct":0},"functions":{"total":1,"covered":0,"skipped":0,"pct":0},"statements":{"total":11,"covered":0,"skipped":0,"pct":0},"branches":{"total":1,"covered":0,"skipped":0,"pct":0}}
,"/Users/sriluballa/Documents/REPOS/prod-owner-test/my-lms-app/src/supabaseDB.js": {"lines":{"total":6,"covered":0,"skipped":0,"pct":0},"functions":{"total":1,"covered":0,"skipped":0,"pct":0},"statements":{"total":6,"covered":0,"skipped":0,"pct":0},"branches":{"total":1,"covered":0,"skipped":0,"pct":0}}
,"/Users/sriluballa/Documents/REPOS/prod-owner-test/my-lms-app/src/components/Admin_Notes.jsx": {"lines":{"total":44,"covered":44,"skipped":0,"pct":100},"functions":{"total":2,"covered":2,"skipped":0,"pct":100},"statements":{"total":44,"covered":44,"skipped":0,"pct":100},"branches":{"total":11,"covered":10,"skipped":0,"pct":90.9}}
,"/Users/sriluballa/Documents/REPOS/prod-owner-test/my-lms-app/src/components/Card_Profile.jsx": {"lines":{"total":85,"covered":84,"skipped":0,"pct":98.82},"functions":{"total":2,"covered":2,"skipped":0,"pct":100},"statements":{"total":85,"covered":84,"skipped":0,"pct":98.82},"branches":{"total":19,"covered":17,"skipped":0,"pct":89.47}}
,"/Users/sriluballa/Documents/REPOS/prod-owner-test/my-lms-app/src/components/Footer.jsx": {"lines":{"total":19,"covered":19,"skipped":0,"pct":100},"functions":{"total":1,"covered":1,"skipped":0,"pct":100},"statements":{"total":19,"covered":19,"skipped":0,"pct":100},"branches":{"total":1,"covered":1,"skipped":0,"pct":100}}
,"/Users/sriluballa/Documents/REPOS/prod-owner-test/my-lms-app/src/components/Header.jsx": {"lines":{"total":178,"covered":162,"skipped":0,"pct":91.01},"functions":{"total":9,"covered":5,"skipped":0,"pct":55.55},"statements":{"total":178,"covered":162,"skipped":0,"pct":91.01},"branches":{"total":27,"covered":25,"skipped":0,"pct":92.59}}
,"/Users/sriluballa/Documents/REPOS/prod-owner-test/my-lms-app/src/components/Input_Number.jsx": {"lines":{"total":32,"covered":32,"skipped":0,"pct":100},"functions":{"total":1,"covered":1,"skipped":0,"pct":100},"statements":{"total":32,"covered":32,"skipped":0,"pct":100},"branches":{"total":5,"covered":5,"skipped":0,"pct":100}}
,"/Users/sriluballa/Documents/REPOS/prod-owner-test/my-lms-app/src/components/Input_Password.jsx": {"lines":{"total":50,"covered":50,"skipped":0,"pct":100},"functions":{"total":2,"covered":2,"skipped":0,"pct":100},"statements":{"total":50,"covered":50,"skipped":0,"pct":100},"branches":{"total":14,"covered":8,"skipped":0,"pct":57.14}}
,"/Users/sriluballa/Documents/REPOS/prod-owner-test/my-lms-app/src/components/Input_Select.jsx": {"lines":{"total":33,"covered":33,"skipped":0,"pct":100},"functions":{"total":1,"covered":1,"skipped":0,"pct":100},"statements":{"total":33,"covered":33,"skipped":0,"pct":100},"branches":{"total":5,"covered":5,"skipped":0,"pct":100}}
,"/Users/sriluballa/Documents/REPOS/prod-owner-test/my-lms-app/src/components/Input_TextArea.jsx": {"lines":{"total":33,"covered":33,"skipped":0,"pct":100},"functions":{"total":1,"covered":1,"skipped":0,"pct":100},"statements":{"total":33,"covered":33,"skipped":0,"pct":100},"branches":{"total":6,"covered":6,"skipped":0,"pct":100}}
,"/Users/sriluballa/Documents/REPOS/prod-owner-test/my-lms-app/src/components/Input_TextField.jsx": {"lines":{"total":38,"covered":38,"skipped":0,"pct":100},"functions":{"total":1,"covered":1,"skipped":0,"pct":100},"statements":{"total":38,"covered":38,"skipped":0,"pct":100},"branches":{"total":3,"covered":3,"skipped":0,"pct":100}}
,"/Users/sriluballa/Documents/REPOS/prod-owner-test/my-lms-app/src/components/Layout.jsx": {"lines":{"total":16,"covered":16,"skipped":0,"pct":100},"functions":{"total":1,"covered":1,"skipped":0,"pct":100},"statements":{"total":16,"covered":16,"skipped":0,"pct":100},"branches":{"total":1,"covered":1,"skipped":0,"pct":100}}
,"/Users/sriluballa/Documents/REPOS/prod-owner-test/my-lms-app/src/components/Menu_by_Role.jsx": {"lines":{"total":12,"covered":12,"skipped":0,"pct":100},"functions":{"total":1,"covered":1,"skipped":0,"pct":100},"statements":{"total":12,"covered":12,"skipped":0,"pct":100},"branches":{"total":3,"covered":3,"skipped":0,"pct":100}}
,"/Users/sriluballa/Documents/REPOS/prod-owner-test/my-lms-app/src/components/Msg_ConsoleLog.jsx": {"lines":{"total":33,"covered":33,"skipped":0,"pct":100},"functions":{"total":2,"covered":2,"skipped":0,"pct":100},"statements":{"total":33,"covered":33,"skipped":0,"pct":100},"branches":{"total":12,"covered":12,"skipped":0,"pct":100}}
,"/Users/sriluballa/Documents/REPOS/prod-owner-test/my-lms-app/src/components/Msg_in_Body.jsx": {"lines":{"total":24,"covered":24,"skipped":0,"pct":100},"functions":{"total":1,"covered":1,"skipped":0,"pct":100},"statements":{"total":24,"covered":24,"skipped":0,"pct":100},"branches":{"total":7,"covered":7,"skipped":0,"pct":100}}
,"/Users/sriluballa/Documents/REPOS/prod-owner-test/my-lms-app/src/components/Msg_in_Popup.jsx": {"lines":{"total":17,"covered":17,"skipped":0,"pct":100},"functions":{"total":1,"covered":1,"skipped":0,"pct":100},"statements":{"total":17,"covered":17,"skipped":0,"pct":100},"branches":{"total":6,"covered":6,"skipped":0,"pct":100}}
,"/Users/sriluballa/Documents/REPOS/prod-owner-test/my-lms-app/src/components/Routes.jsx": {"lines":{"total":64,"covered":64,"skipped":0,"pct":100},"functions":{"total":0,"covered":0,"skipped":0,"pct":100},"statements":{"total":64,"covered":64,"skipped":0,"pct":100},"branches":{"total":0,"covered":0,"skipped":0,"pct":100}}
,"/Users/sriluballa/Documents/REPOS/prod-owner-test/my-lms-app/src/components/SEO.jsx": {"lines":{"total":23,"covered":23,"skipped":0,"pct":100},"functions":{"total":1,"covered":1,"skipped":0,"pct":100},"statements":{"total":23,"covered":23,"skipped":0,"pct":100},"branches":{"total":6,"covered":6,"skipped":0,"pct":100}}
,"/Users/sriluballa/Documents/REPOS/prod-owner-test/my-lms-app/src/components/SQL_Role_Assignment.jsx": {"lines":{"total":31,"covered":31,"skipped":0,"pct":100},"functions":{"total":2,"covered":2,"skipped":0,"pct":100},"statements":{"total":31,"covered":31,"skipped":0,"pct":100},"branches":{"total":9,"covered":8,"skipped":0,"pct":88.88}}
,"/Users/sriluballa/Documents/REPOS/prod-owner-test/my-lms-app/src/components/SQL_get_Roles.jsx": {"lines":{"total":70,"covered":70,"skipped":0,"pct":100},"functions":{"total":2,"covered":2,"skipped":0,"pct":100},"statements":{"total":70,"covered":70,"skipped":0,"pct":100},"branches":{"total":9,"covered":9,"skipped":0,"pct":100}}
,"/Users/sriluballa/Documents/REPOS/prod-owner-test/my-lms-app/src/components/Upload_Helper.jsx": {"lines":{"total":119,"covered":96,"skipped":0,"pct":80.67},"functions":{"total":5,"covered":3,"skipped":0,"pct":60},"statements":{"total":119,"covered":96,"skipped":0,"pct":80.67},"branches":{"total":16,"covered":11,"skipped":0,"pct":68.75}}
,"/Users/sriluballa/Documents/REPOS/prod-owner-test/my-lms-app/src/pages/AdminUserManagement.jsx": {"lines":{"total":228,"covered":8,"skipped":0,"pct":3.5},"functions":{"total":1,"covered":0,"skipped":0,"pct":0},"statements":{"total":228,"covered":8,"skipped":0,"pct":3.5},"branches":{"total":0,"covered":0,"skipped":0,"pct":100}}
,"/Users/sriluballa/Documents/REPOS/prod-owner-test/my-lms-app/src/pages/Courses.jsx": {"lines":{"total":15,"covered":0,"skipped":0,"pct":0},"functions":{"total":1,"covered":0,"skipped":0,"pct":0},"statements":{"total":15,"covered":0,"skipped":0,"pct":0},"branches":{"total":1,"covered":0,"skipped":0,"pct":0}}
,"/Users/sriluballa/Documents/REPOS/prod-owner-test/my-lms-app/src/pages/Index.jsx": {"lines":{"total":30,"covered":30,"skipped":0,"pct":100},"functions":{"total":1,"covered":1,"skipped":0,"pct":100},"statements":{"total":30,"covered":30,"skipped":0,"pct":100},"branches":{"total":1,"covered":1,"skipped":0,"pct":100}}
,"/Users/sriluballa/Documents/REPOS/prod-owner-test/my-lms-app/src/pages/Login.jsx": {"lines":{"total":98,"covered":11,"skipped":0,"pct":11.22},"functions":{"total":1,"covered":0,"skipped":0,"pct":0},"statements":{"total":98,"covered":11,"skipped":0,"pct":11.22},"branches":{"total":0,"covered":0,"skipped":0,"pct":100}}
,"/Users/sriluballa/Documents/REPOS/prod-owner-test/my-lms-app/src/pages/MemberProfiles.jsx": {"lines":{"total":48,"covered":9,"skipped":0,"pct":18.75},"functions":{"total":1,"covered":0,"skipped":0,"pct":0},"statements":{"total":48,"covered":9,"skipped":0,"pct":18.75},"branches":{"total":0,"covered":0,"skipped":0,"pct":100}}
,"/Users/sriluballa/Documents/REPOS/prod-owner-test/my-lms-app/src/pages/NotFound.jsx": {"lines":{"total":27,"covered":5,"skipped":0,"pct":18.51},"functions":{"total":1,"covered":0,"skipped":0,"pct":0},"statements":{"total":27,"covered":5,"skipped":0,"pct":18.51},"branches":{"total":0,"covered":0,"skipped":0,"pct":100}}
,"/Users/sriluballa/Documents/REPOS/prod-owner-test/my-lms-app/src/pages/Profile.jsx": {"lines":{"total":383,"covered":261,"skipped":0,"pct":68.14},"functions":{"total":8,"covered":3,"skipped":0,"pct":37.5},"statements":{"total":383,"covered":261,"skipped":0,"pct":68.14},"branches":{"total":12,"covered":6,"skipped":0,"pct":50}}
,"/Users/sriluballa/Documents/REPOS/prod-owner-test/my-lms-app/src/pages/QAtoPot.jsx": {"lines":{"total":267,"covered":4,"skipped":0,"pct":1.49},"functions":{"total":1,"covered":0,"skipped":0,"pct":0},"statements":{"total":267,"covered":4,"skipped":0,"pct":1.49},"branches":{"total":0,"covered":0,"skipped":0,"pct":100}}
,"/Users/sriluballa/Documents/REPOS/prod-owner-test/my-lms-app/src/pages/Red_Ack.jsx": {"lines":{"total":94,"covered":5,"skipped":0,"pct":5.31},"functions":{"total":1,"covered":0,"skipped":0,"pct":0},"statements":{"total":94,"covered":5,"skipped":0,"pct":5.31},"branches":{"total":0,"covered":0,"skipped":0,"pct":100}}
,"/Users/sriluballa/Documents/REPOS/prod-owner-test/my-lms-app/src/pages/Register.jsx": {"lines":{"total":149,"covered":10,"skipped":0,"pct":6.71},"functions":{"total":1,"covered":0,"skipped":0,"pct":0},"statements":{"total":149,"covered":10,"skipped":0,"pct":6.71},"branches":{"total":0,"covered":0,"skipped":0,"pct":100}}
,"/Users/sriluballa/Documents/REPOS/prod-owner-test/my-lms-app/src/pages/Why.jsx": {"lines":{"total":207,"covered":4,"skipped":0,"pct":1.93},"functions":{"total":1,"covered":0,"skipped":0,"pct":0},"statements":{"total":207,"covered":4,"skipped":0,"pct":1.93},"branches":{"total":0,"covered":0,"skipped":0,"pct":100}}
,"/Users/sriluballa/Documents/REPOS/prod-owner-test/my-lms-app/src/pages/temp.jsx": {"lines":{"total":27,"covered":0,"skipped":0,"pct":0},"functions":{"total":1,"covered":0,"skipped":0,"pct":0},"statements":{"total":27,"covered":0,"skipped":0,"pct":0},"branches":{"total":1,"covered":0,"skipped":0,"pct":0}}
,"/Users/sriluballa/Documents/REPOS/prod-owner-test/my-lms-app/src/services/firebase.js": {"lines":{"total":23,"covered":0,"skipped":0,"pct":0},"functions":{"total":1,"covered":0,"skipped":0,"pct":0},"statements":{"total":23,"covered":0,"skipped":0,"pct":0},"branches":{"total":1,"covered":0,"skipped":0,"pct":0}}
,"/Users/sriluballa/Documents/REPOS/prod-owner-test/my-lms-app/src/services/supabase.js": {"lines":{"total":4,"covered":0,"skipped":0,"pct":0},"functions":{"total":1,"covered":1,"skipped":0,"pct":100},"statements":{"total":4,"covered":0,"skipped":0,"pct":0},"branches":{"total":1,"covered":1,"skipped":0,"pct":100}}
}
